<?xml version="1.0" encoding="UTF-8"?>
<testsuite name="com.indra.runners.SignInRunners" tests="0" skipped="0" failures="0" errors="0" timestamp="1970-01-01T00:00:00" hostname="22LAP5CD1195R94" time="0.0">
  <properties/>
  <system-out><![CDATA[13:23:09.661 [Test worker] DEBUG net.thucydides.core.util.PropertiesFileLocalPreferences - LOADING LOCAL PROPERTIES FROM C:\Repo\Serenity_Cucumber_Practice2\serenity.properties 
13:23:09.709 [Test worker] DEBUG net.thucydides.core.util.PropertiesFileLocalPreferences - LOADING LOCAL PROPERTIES FROM C:\Repo\Serenity_Cucumber_Practice2\serenity.properties 
13:23:09.711 [Test worker] DEBUG net.thucydides.core.util.PropertiesFileLocalPreferences - LOADING LOCAL PROPERTIES FROM C:\Repo\Serenity_Cucumber_Practice2\serenity.properties 
13:23:09.717 [Test worker] DEBUG net.thucydides.core.util.PropertiesFileLocalPreferences - webdriver.driver=chrome
13:23:09.717 [Test worker] DEBUG net.thucydides.core.util.PropertiesFileLocalPreferences - chrome.capabilities.incognito=true
13:23:09.717 [Test worker] DEBUG net.thucydides.core.util.PropertiesFileLocalPreferences - webdriver.chrome.driver=src/test/resources/drivers/chromedriver.exe
13:23:09.717 [Test worker] DEBUG net.thucydides.core.util.PropertiesFileLocalPreferences - chrome.capabilities.acceptSslCerts=true
13:23:09.717 [Test worker] DEBUG net.thucydides.core.util.PropertiesFileLocalPreferences - serenity.console.colors=true
13:23:09.717 [Test worker] DEBUG net.thucydides.core.util.PropertiesFileLocalPreferences - webdriver.base.url=http://automationpractice.com
13:23:09.717 [Test worker] DEBUG net.thucydides.core.util.PropertiesFileLocalPreferences - serenity.project.name=Dojo Serenity / Cucumber
13:23:09.717 [Test worker] DEBUG net.thucydides.core.util.PropertiesFileLocalPreferences - webdriver.wait.for.timeout=6000
13:23:09.717 [Test worker] DEBUG net.thucydides.core.util.PropertiesFileLocalPreferences - serenity.use.unique.browser=true
13:23:09.718 [Test worker] DEBUG net.thucydides.core.util.PropertiesFileLocalPreferences - webdriver.timeouts.implicitlywait=10000
13:23:09.718 [Test worker] DEBUG net.thucydides.core.util.PropertiesFileLocalPreferences - serenity.browser.maximized=true
13:23:09.964 [Test worker] DEBUG net.thucydides.core.util.PropertiesFileLocalPreferences - LOADING LOCAL PROPERTIES FROM C:\Repo\Serenity_Cucumber_Practice2\serenity.properties 
13:23:09.971 [Test worker] DEBUG net.thucydides.core.util.PropertiesFileLocalPreferences - LOADING LOCAL PROPERTIES FROM C:\Repo\Serenity_Cucumber_Practice2\serenity.properties 
13:23:09.973 [Test worker] DEBUG net.thucydides.core.util.PropertiesFileLocalPreferences - LOADING LOCAL PROPERTIES FROM C:\Repo\Serenity_Cucumber_Practice2\serenity.properties 
13:23:09.974 [Test worker] DEBUG net.thucydides.core.util.PropertiesFileLocalPreferences - webdriver.driver=chrome
13:23:09.974 [Test worker] DEBUG net.thucydides.core.util.PropertiesFileLocalPreferences - chrome.capabilities.incognito=true
13:23:09.974 [Test worker] DEBUG net.thucydides.core.util.PropertiesFileLocalPreferences - webdriver.chrome.driver=src/test/resources/drivers/chromedriver.exe
13:23:09.974 [Test worker] DEBUG net.thucydides.core.util.PropertiesFileLocalPreferences - chrome.capabilities.acceptSslCerts=true
13:23:09.974 [Test worker] DEBUG net.thucydides.core.util.PropertiesFileLocalPreferences - serenity.console.colors=true
13:23:09.974 [Test worker] DEBUG net.thucydides.core.util.PropertiesFileLocalPreferences - webdriver.base.url=http://automationpractice.com
13:23:09.974 [Test worker] DEBUG net.thucydides.core.util.PropertiesFileLocalPreferences - serenity.project.name=Dojo Serenity / Cucumber
13:23:09.975 [Test worker] DEBUG net.thucydides.core.util.PropertiesFileLocalPreferences - webdriver.wait.for.timeout=6000
13:23:09.975 [Test worker] DEBUG net.thucydides.core.util.PropertiesFileLocalPreferences - serenity.use.unique.browser=true
13:23:09.975 [Test worker] DEBUG net.thucydides.core.util.PropertiesFileLocalPreferences - webdriver.timeouts.implicitlywait=10000
13:23:09.975 [Test worker] DEBUG net.thucydides.core.util.PropertiesFileLocalPreferences - serenity.browser.maximized=true
13:23:09.982 [Test worker] INFO net.thucydides.core.steps.ConsoleLoggingListener - ?[96m

-------------------------------------------------------------------------------------
     _______. _______ .______       _______ .__   __.  __  .___________.____    ____ 
    /       ||   ____||   _  \     |   ____||  \ |  | |  | |           |\   \  /   / 
   |   (----`|  |__   |  |_)  |    |  |__   |   \|  | |  | `---|  |----` \   \/   /  
    \   \    |   __|  |      /     |   __|  |  . `  | |  |     |  |       \_    _/   
.----)   |   |  |____ |  |\  \----.|  |____ |  |\   | |  |     |  |         |  |     
|_______/    |_______|| _| `._____||_______||__| \__| |__|     |__|         |__|    
                                                                                     
 News and tutorials at http://www.serenity-bdd.info                                  
 Documentation at https://wakaleo.gitbooks.io/the-serenity-book/content/             
 Join the Serenity Community on Rocket Chat at https://serenity-bdd.rocket.chat      
 Serenity BDD Support and Training at http://serenity-bdd.info/#/trainingandsupport  
 Learn Serenity BDD online at http://serenity-dojo.com                               
-------------------------------------------------------------------------------------
?[0m
13:23:09.989 [Test worker] DEBUG net.thucydides.core.steps.StepEventBus - Test suite started for story net.thucydides.core.model.Story@78a8f74a
13:23:09.990 [Test worker] INFO net.thucydides.core.steps.ConsoleLoggingListener - Test Suite Started: Formulario de Registro
13:23:10.026 [Test worker] INFO net.thucydides.core.steps.ConsoleLoggingListener - 
 _____ _____ ____ _____   ____ _____  _    ____ _____ _____ ____  
|_   _| ____/ ___|_   _| / ___|_   _|/ \  |  _ \_   _| ____|  _ \ 
  | | |  _| \___ \ | |   \___ \ | | / _ \ | |_) || | |  _| | | | |
  | | | |___ ___) || |    ___) || |/ ___ \|  _ < | | | |___| |_| |
  |_| |_____|____/ |_|   |____/ |_/_/   \_\_| \_\|_| |_____|____/ 
                                                                  

TEST STARTED: como usuario nuevo quiero registrarme en el portal de compras
-------------------------------------------------------------------(formulario-de-registro;como-usuario-nuevo-quiero-registrarme-en-el-portal-de-compras)
13:23:10.099 [Test worker] DEBUG net.thucydides.core.requirements.model.cucumber.CucumberParser - Found no Cucumber 4.2.6 class cucumber.runtime.model.FeatureLoader try Cucumber 4.2.0 
13:23:10.100 [Test worker] DEBUG net.thucydides.core.requirements.model.cucumber.CucumberParser - Found no Cucumber 4.2.0 class cucumber.runtime.model.FeatureLoader try Cucumber 2.x.x 
13:23:10.114 [Test worker] DEBUG net.thucydides.core.requirements.model.cucumber.CucumberParser - Found no Cucumber 4.2.6 class cucumber.runtime.model.FeatureLoader try Cucumber 4.2.0 
13:23:10.114 [Test worker] DEBUG net.thucydides.core.requirements.model.cucumber.CucumberParser - Found no Cucumber 4.2.0 class cucumber.runtime.model.FeatureLoader try Cucumber 2.x.x 
13:23:10.122 [Test worker] DEBUG net.thucydides.core.requirements.model.cucumber.CucumberParser - Found no Cucumber 4.2.6 class cucumber.runtime.model.FeatureLoader try Cucumber 4.2.0 
13:23:10.123 [Test worker] DEBUG net.thucydides.core.requirements.model.cucumber.CucumberParser - Found no Cucumber 4.2.0 class cucumber.runtime.model.FeatureLoader try Cucumber 2.x.x 
13:23:24.450 [Test worker] DEBUG net.thucydides.core.reports.ReportService - Reporting formats: [JSON, HTML]
13:23:24.506 [Test worker] DEBUG net.thucydides.core.reports.ReportService - Reporting formats: [JSON, HTML]
13:23:24.514 [Test worker] DEBUG net.thucydides.core.reports.ReportService - Generating reports for 1 test outcomes using: net.thucydides.core.reports.json.JSONTestOutcomeReporter@4d77f1cd
13:23:24.515 [pool-1-thread-1] DEBUG net.thucydides.core.reports.ReportService - Processing test outcome Formulario de Registro:como usuario nuevo quiero registrarme en el portal de compras
13:23:24.515 [pool-1-thread-1] DEBUG net.thucydides.core.reports.ReportService - net.thucydides.core.reports.json.JSONTestOutcomeReporter@4d77f1cd: Generating report for test outcome: Formulario de Registro:como usuario nuevo quiero registrarme en el portal de compras
13:23:24.520 [pool-1-thread-1] DEBUG net.thucydides.core.reports.json.JSONTestOutcomeReporter - Generating JSON report for como usuario nuevo quiero registrarme en el portal de compras to file C:\Repo\Serenity_Cucumber_Practice2\target\site\serenity\4555ebc7a85137a25cfca45580917b51710bca6dfad741321b70af0459762723.json (using temp file C:\Repo\Serenity_Cucumber_Practice2\target\site\serenity\4555ebc7a85137a25cfca45580917b51710bca6dfad741321b70af0459762723.jsone81b167c-1283-4408-987c-71a02c1c6008)
13:23:24.550 [pool-1-thread-1] DEBUG net.thucydides.core.reports.ReportService - Processing test outcome Formulario de Registro:como usuario nuevo quiero registrarme en el portal de compras done
13:23:24.550 [Test worker] DEBUG net.thucydides.core.reports.ReportService - Shutting down executor service
13:23:24.550 [Test worker] DEBUG net.thucydides.core.reports.ReportService - Reports generated in: 36 ms
13:23:24.550 [Test worker] DEBUG net.thucydides.core.reports.ReportService - Generating reports for 1 test outcomes using: net.thucydides.core.reports.html.HtmlAcceptanceTestReporter@218b9294
13:23:24.551 [pool-2-thread-1] DEBUG net.thucydides.core.reports.ReportService - Processing test outcome Formulario de Registro:como usuario nuevo quiero registrarme en el portal de compras
13:23:24.551 [pool-2-thread-1] DEBUG net.thucydides.core.reports.ReportService - net.thucydides.core.reports.html.HtmlAcceptanceTestReporter@218b9294: Generating report for test outcome: Formulario de Registro:como usuario nuevo quiero registrarme en el portal de compras
13:23:24.552 [pool-2-thread-1] DEBUG net.thucydides.core.reports.html.HtmlAcceptanceTestReporter - GENERATE TEST OUTCOME REPORT FOR como usuario nuevo quiero registrarme en el portal de compras in 4555ebc7a85137a25cfca45580917b51710bca6dfad741321b70af0459762723
13:23:24.583 [pool-2-thread-1] DEBUG net.thucydides.core.requirements.model.cucumber.CucumberParser - Found no Cucumber 4.2.6 class cucumber.runtime.model.FeatureLoader try Cucumber 4.2.0 
13:23:24.584 [pool-2-thread-1] DEBUG net.thucydides.core.requirements.model.cucumber.CucumberParser - Found no Cucumber 4.2.0 class cucumber.runtime.model.FeatureLoader try Cucumber 2.x.x 
13:23:24.591 [pool-2-thread-1] DEBUG net.thucydides.core.requirements.model.cucumber.CucumberParser - Found no Cucumber 4.2.6 class cucumber.runtime.model.FeatureLoader try Cucumber 4.2.0 
13:23:24.592 [pool-2-thread-1] DEBUG net.thucydides.core.requirements.model.cucumber.CucumberParser - Found no Cucumber 4.2.0 class cucumber.runtime.model.FeatureLoader try Cucumber 2.x.x 
13:23:24.600 [pool-2-thread-1] DEBUG net.thucydides.core.requirements.model.cucumber.CucumberParser - Found no Cucumber 4.2.6 class cucumber.runtime.model.FeatureLoader try Cucumber 4.2.0 
13:23:24.600 [pool-2-thread-1] DEBUG net.thucydides.core.requirements.model.cucumber.CucumberParser - Found no Cucumber 4.2.0 class cucumber.runtime.model.FeatureLoader try Cucumber 2.x.x 
13:23:24.601 [pool-2-thread-1] DEBUG net.thucydides.core.requirements.RequirementsTagProvider -  found:[Requirement{name='Automationpractice', type='theme' parent = 'null', cardNumber='null'}]
13:23:24.608 [pool-2-thread-1] DEBUG net.thucydides.core.requirements.BaseRequirementsService - Requirement found for test outcome como usuario nuevo quiero registrarme en el portal de compras-[]: Optional[Requirement{name='Formulario de Registro', type='feature' parent = 'Sing in', cardNumber='null'}]
13:23:24.611 [pool-2-thread-1] DEBUG net.thucydides.core.requirements.BaseRequirementsService - Requirement found for test outcome como usuario nuevo quiero registrarme en el portal de compras-[]: Optional[Requirement{name='Formulario de Registro', type='feature' parent = 'Sing in', cardNumber='null'}]
13:23:24.696 [pool-2-thread-1] DEBUG net.thucydides.core.requirements.BaseRequirementsService - Requirement found for test outcome como usuario nuevo quiero registrarme en el portal de compras-[]: Optional[Requirement{name='Formulario de Registro', type='feature' parent = 'Sing in', cardNumber='null'}]
13:23:24.697 [pool-2-thread-1] DEBUG net.thucydides.core.requirements.BaseRequirementsService - Requirement found for test outcome como usuario nuevo quiero registrarme en el portal de compras-[]: Optional[Requirement{name='Formulario de Registro', type='feature' parent = 'Sing in', cardNumber='null'}]
13:23:24.757 [pool-2-thread-1] DEBUG net.thucydides.core.reports.html.HtmlAcceptanceTestReporter - Generating report in 4555ebc7a85137a25cfca45580917b51710bca6dfad741321b70af0459762723_screenshots.html
13:23:24.996 [pool-2-thread-1] DEBUG net.thucydides.core.reports.html.HtmlAcceptanceTestReporter - Generated report 4555ebc7a85137a25cfca45580917b51710bca6dfad741321b70af0459762723_screenshots.html in 239 ms
13:23:24.997 [pool-2-thread-1] DEBUG net.thucydides.core.reports.html.HtmlAcceptanceTestReporter - GENERATING HTML REPORT FOR Formulario de Registro:como usuario nuevo quiero registrarme en el portal de compras in 4555ebc7a85137a25cfca45580917b51710bca6dfad741321b70af0459762723.html in directory C:\Repo\Serenity_Cucumber_Practice2\target\site\serenity  
13:23:24.999 [pool-2-thread-1] DEBUG net.thucydides.core.reports.html.HtmlAcceptanceTestReporter - Generating report in 4555ebc7a85137a25cfca45580917b51710bca6dfad741321b70af0459762723.html
13:23:25.093 [pool-2-thread-1] DEBUG net.thucydides.core.reports.html.HtmlAcceptanceTestReporter - Generated report 4555ebc7a85137a25cfca45580917b51710bca6dfad741321b70af0459762723.html in 94 ms
13:23:25.093 [pool-2-thread-1] DEBUG net.thucydides.core.reports.ReportService - Processing test outcome Formulario de Registro:como usuario nuevo quiero registrarme en el portal de compras done
13:23:25.093 [Test worker] DEBUG net.thucydides.core.reports.ReportService - Shutting down executor service
13:23:25.094 [Test worker] DEBUG net.thucydides.core.reports.ReportService - Reports generated in: 544 ms
13:23:25.229 [Test worker] DEBUG net.serenitybdd.core.photography.Darkroom - Closing darkroom
13:23:25.229 [Darkroom Processing Line] DEBUG net.serenitybdd.core.photography.DarkroomProcessingLine - Darkroom processing line shutting down

?[31mFailed scenarios:?[0m
?[31msrc/test/resources/features/automationpractice/sing_in/sign_in.feature:9 ?[0m# como usuario nuevo quiero registrarme en el portal de compras

1 Scenarios (?[31m1 failed?[0m)
4 Steps (?[31m1 failed?[0m, ?[32m3 passed?[0m)
0m14,569s

java.lang.AssertionError: El usuario esta en la paguina MY ACCOUNT
Expected: "MY ACCOUNT2"
     but: was "MY ACCOUNT"
	at org.hamcrest.MatcherAssert.assertThat(MatcherAssert.java:20)
	at com.indra.steps_definitions.SignInSteps.elSistemeDeberiaRealizarElRegistroDirigiendoAlUsuarioALaPaginaMyAccount(SignInSteps.java:42)
	at ?.el sisteme deberia realizar el registro, dirigiendo al usuario a la pagina My Account(src/test/resources/features/automationpractice/sing_in/sign_in.feature:15)

]]></system-out>
  <system-err><![CDATA[]]></system-err>
</testsuite>
