<?xml version="1.0" encoding="UTF-8"?>
<testsuite name="com.indra.runners.SignInRunners" tests="0" skipped="0" failures="0" errors="0" timestamp="1970-01-01T00:00:00" hostname="22LAP5CD1195R94" time="0.0">
  <properties/>
  <system-out><![CDATA[12:24:50.091 [Test worker] DEBUG net.thucydides.core.util.PropertiesFileLocalPreferences - LOADING LOCAL PROPERTIES FROM C:\Repo\dojo_serenity_cucumber\serenity.properties 
12:24:50.133 [Test worker] DEBUG net.thucydides.core.util.PropertiesFileLocalPreferences - LOADING LOCAL PROPERTIES FROM C:\Repo\dojo_serenity_cucumber\serenity.properties 
12:24:50.135 [Test worker] DEBUG net.thucydides.core.util.PropertiesFileLocalPreferences - LOADING LOCAL PROPERTIES FROM C:\Repo\dojo_serenity_cucumber\serenity.properties 
12:24:50.140 [Test worker] DEBUG net.thucydides.core.util.PropertiesFileLocalPreferences - webdriver.driver=chrome
12:24:50.141 [Test worker] DEBUG net.thucydides.core.util.PropertiesFileLocalPreferences - chrome.capabilities.incognito=true
12:24:50.141 [Test worker] DEBUG net.thucydides.core.util.PropertiesFileLocalPreferences - webdriver.chrome.driver=src/test/resources/drivers/chromedriver.exe
12:24:50.141 [Test worker] DEBUG net.thucydides.core.util.PropertiesFileLocalPreferences - chrome.capabilities.acceptSslCerts=true
12:24:50.141 [Test worker] DEBUG net.thucydides.core.util.PropertiesFileLocalPreferences - serenity.console.colors=true
12:24:50.141 [Test worker] DEBUG net.thucydides.core.util.PropertiesFileLocalPreferences - webdriver.base.url=http://automationpractice.com
12:24:50.141 [Test worker] DEBUG net.thucydides.core.util.PropertiesFileLocalPreferences - serenity.project.name=Dojo Serenity / Cucumber
12:24:50.141 [Test worker] DEBUG net.thucydides.core.util.PropertiesFileLocalPreferences - webdriver.wait.for.timeout=6000
12:24:50.142 [Test worker] DEBUG net.thucydides.core.util.PropertiesFileLocalPreferences - serenity.use.unique.browser=true
12:24:50.142 [Test worker] DEBUG net.thucydides.core.util.PropertiesFileLocalPreferences - webdriver.timeouts.implicitlywait=10000
12:24:50.142 [Test worker] DEBUG net.thucydides.core.util.PropertiesFileLocalPreferences - serenity.browser.maximized=true
12:24:50.412 [Test worker] DEBUG net.thucydides.core.util.PropertiesFileLocalPreferences - LOADING LOCAL PROPERTIES FROM C:\Repo\dojo_serenity_cucumber\serenity.properties 
12:24:50.420 [Test worker] DEBUG net.thucydides.core.util.PropertiesFileLocalPreferences - LOADING LOCAL PROPERTIES FROM C:\Repo\dojo_serenity_cucumber\serenity.properties 
12:24:50.421 [Test worker] DEBUG net.thucydides.core.util.PropertiesFileLocalPreferences - LOADING LOCAL PROPERTIES FROM C:\Repo\dojo_serenity_cucumber\serenity.properties 
12:24:50.422 [Test worker] DEBUG net.thucydides.core.util.PropertiesFileLocalPreferences - webdriver.driver=chrome
12:24:50.422 [Test worker] DEBUG net.thucydides.core.util.PropertiesFileLocalPreferences - chrome.capabilities.incognito=true
12:24:50.422 [Test worker] DEBUG net.thucydides.core.util.PropertiesFileLocalPreferences - webdriver.chrome.driver=src/test/resources/drivers/chromedriver.exe
12:24:50.423 [Test worker] DEBUG net.thucydides.core.util.PropertiesFileLocalPreferences - chrome.capabilities.acceptSslCerts=true
12:24:50.423 [Test worker] DEBUG net.thucydides.core.util.PropertiesFileLocalPreferences - serenity.console.colors=true
12:24:50.423 [Test worker] DEBUG net.thucydides.core.util.PropertiesFileLocalPreferences - webdriver.base.url=http://automationpractice.com
12:24:50.423 [Test worker] DEBUG net.thucydides.core.util.PropertiesFileLocalPreferences - serenity.project.name=Dojo Serenity / Cucumber
12:24:50.423 [Test worker] DEBUG net.thucydides.core.util.PropertiesFileLocalPreferences - webdriver.wait.for.timeout=6000
12:24:50.423 [Test worker] DEBUG net.thucydides.core.util.PropertiesFileLocalPreferences - serenity.use.unique.browser=true
12:24:50.423 [Test worker] DEBUG net.thucydides.core.util.PropertiesFileLocalPreferences - webdriver.timeouts.implicitlywait=10000
12:24:50.423 [Test worker] DEBUG net.thucydides.core.util.PropertiesFileLocalPreferences - serenity.browser.maximized=true
12:24:50.430 [Test worker] INFO net.thucydides.core.steps.ConsoleLoggingListener - ?[96m

-------------------------------------------------------------------------------------
     _______. _______ .______       _______ .__   __.  __  .___________.____    ____ 
    /       ||   ____||   _  \     |   ____||  \ |  | |  | |           |\   \  /   / 
   |   (----`|  |__   |  |_)  |    |  |__   |   \|  | |  | `---|  |----` \   \/   /  
    \   \    |   __|  |      /     |   __|  |  . `  | |  |     |  |       \_    _/   
.----)   |   |  |____ |  |\  \----.|  |____ |  |\   | |  |     |  |         |  |     
|_______/    |_______|| _| `._____||_______||__| \__| |__|     |__|         |__|    
                                                                                     
 News and tutorials at http://www.serenity-bdd.info                                  
 Documentation at https://wakaleo.gitbooks.io/the-serenity-book/content/             
 Join the Serenity Community on Rocket Chat at https://serenity-bdd.rocket.chat      
 Serenity BDD Support and Training at http://serenity-bdd.info/#/trainingandsupport  
 Learn Serenity BDD online at http://serenity-dojo.com                               
-------------------------------------------------------------------------------------
?[0m
12:24:50.434 [Test worker] DEBUG net.thucydides.core.steps.StepEventBus - Test suite started for story net.thucydides.core.model.Story@78a8f74a
12:24:50.436 [Test worker] INFO net.thucydides.core.steps.ConsoleLoggingListener - Test Suite Started: Formulario de Registro
12:24:50.485 [Test worker] INFO net.thucydides.core.steps.ConsoleLoggingListener - 
 _____ _____ ____ _____   ____ _____  _    ____ _____ _____ ____  
|_   _| ____/ ___|_   _| / ___|_   _|/ \  |  _ \_   _| ____|  _ \ 
  | | |  _| \___ \ | |   \___ \ | | / _ \ | |_) || | |  _| | | | |
  | | | |___ ___) || |    ___) || |/ ___ \|  _ < | | | |___| |_| |
  |_| |_____|____/ |_|   |____/ |_/_/   \_\_| \_\|_| |_____|____/ 
                                                                  

TEST STARTED: Otro usuario nuevo quiero registrarme en el portal de compras
-------------------------------------------------------------------(formulario-de-registro;otro-usuario-nuevo-quiero-registrarme-en-el-portal-de-compras)
12:24:50.554 [Test worker] DEBUG net.thucydides.core.requirements.model.cucumber.CucumberParser - Found no Cucumber 4.2.6 class cucumber.runtime.model.FeatureLoader try Cucumber 4.2.0 
12:24:50.554 [Test worker] DEBUG net.thucydides.core.requirements.model.cucumber.CucumberParser - Found no Cucumber 4.2.0 class cucumber.runtime.model.FeatureLoader try Cucumber 2.x.x 
12:24:50.570 [Test worker] DEBUG net.thucydides.core.requirements.model.cucumber.CucumberParser - Found no Cucumber 4.2.6 class cucumber.runtime.model.FeatureLoader try Cucumber 4.2.0 
12:24:50.570 [Test worker] DEBUG net.thucydides.core.requirements.model.cucumber.CucumberParser - Found no Cucumber 4.2.0 class cucumber.runtime.model.FeatureLoader try Cucumber 2.x.x 
12:24:50.586 [Test worker] DEBUG net.thucydides.core.requirements.model.cucumber.CucumberParser - Found no Cucumber 4.2.6 class cucumber.runtime.model.FeatureLoader try Cucumber 4.2.0 
12:24:50.587 [Test worker] DEBUG net.thucydides.core.requirements.model.cucumber.CucumberParser - Found no Cucumber 4.2.0 class cucumber.runtime.model.FeatureLoader try Cucumber 2.x.x 
12:25:06.284 [Test worker] DEBUG net.thucydides.core.reports.ReportService - Reporting formats: [JSON, HTML]
12:25:06.344 [Test worker] DEBUG net.thucydides.core.reports.ReportService - Reporting formats: [JSON, HTML]
12:25:06.353 [Test worker] DEBUG net.thucydides.core.reports.ReportService - Generating reports for 1 test outcomes using: net.thucydides.core.reports.json.JSONTestOutcomeReporter@6396d116
12:25:06.354 [pool-1-thread-1] DEBUG net.thucydides.core.reports.ReportService - Processing test outcome Formulario de Registro:Otro usuario nuevo quiero registrarme en el portal de compras
12:25:06.355 [pool-1-thread-1] DEBUG net.thucydides.core.reports.ReportService - net.thucydides.core.reports.json.JSONTestOutcomeReporter@6396d116: Generating report for test outcome: Formulario de Registro:Otro usuario nuevo quiero registrarme en el portal de compras
12:25:06.359 [pool-1-thread-1] DEBUG net.thucydides.core.reports.json.JSONTestOutcomeReporter - Generating JSON report for Otro usuario nuevo quiero registrarme en el portal de compras to file C:\Repo\dojo_serenity_cucumber\target\site\serenity\62ca8c9e2c3934f11d575f61d9559c448887a6aa7317d50ad6824d7132f4ab0c.json (using temp file C:\Repo\dojo_serenity_cucumber\target\site\serenity\62ca8c9e2c3934f11d575f61d9559c448887a6aa7317d50ad6824d7132f4ab0c.json978cad46-6af2-4a68-b386-d302619f91d8)
12:25:06.397 [pool-1-thread-1] DEBUG net.thucydides.core.reports.ReportService - Processing test outcome Formulario de Registro:Otro usuario nuevo quiero registrarme en el portal de compras done
12:25:06.397 [Test worker] DEBUG net.thucydides.core.reports.ReportService - Shutting down executor service
12:25:06.397 [Test worker] DEBUG net.thucydides.core.reports.ReportService - Reports generated in: 44 ms
12:25:06.397 [Test worker] DEBUG net.thucydides.core.reports.ReportService - Generating reports for 1 test outcomes using: net.thucydides.core.reports.html.HtmlAcceptanceTestReporter@43c7d0dd
12:25:06.398 [pool-2-thread-1] DEBUG net.thucydides.core.reports.ReportService - Processing test outcome Formulario de Registro:Otro usuario nuevo quiero registrarme en el portal de compras
12:25:06.398 [pool-2-thread-1] DEBUG net.thucydides.core.reports.ReportService - net.thucydides.core.reports.html.HtmlAcceptanceTestReporter@43c7d0dd: Generating report for test outcome: Formulario de Registro:Otro usuario nuevo quiero registrarme en el portal de compras
12:25:06.398 [pool-2-thread-1] DEBUG net.thucydides.core.reports.html.HtmlAcceptanceTestReporter - GENERATE TEST OUTCOME REPORT FOR Otro usuario nuevo quiero registrarme en el portal de compras in 62ca8c9e2c3934f11d575f61d9559c448887a6aa7317d50ad6824d7132f4ab0c
12:25:06.432 [pool-2-thread-1] DEBUG net.thucydides.core.requirements.model.cucumber.CucumberParser - Found no Cucumber 4.2.6 class cucumber.runtime.model.FeatureLoader try Cucumber 4.2.0 
12:25:06.432 [pool-2-thread-1] DEBUG net.thucydides.core.requirements.model.cucumber.CucumberParser - Found no Cucumber 4.2.0 class cucumber.runtime.model.FeatureLoader try Cucumber 2.x.x 
12:25:06.440 [pool-2-thread-1] DEBUG net.thucydides.core.requirements.model.cucumber.CucumberParser - Found no Cucumber 4.2.6 class cucumber.runtime.model.FeatureLoader try Cucumber 4.2.0 
12:25:06.440 [pool-2-thread-1] DEBUG net.thucydides.core.requirements.model.cucumber.CucumberParser - Found no Cucumber 4.2.0 class cucumber.runtime.model.FeatureLoader try Cucumber 2.x.x 
12:25:06.447 [pool-2-thread-1] DEBUG net.thucydides.core.requirements.model.cucumber.CucumberParser - Found no Cucumber 4.2.6 class cucumber.runtime.model.FeatureLoader try Cucumber 4.2.0 
12:25:06.448 [pool-2-thread-1] DEBUG net.thucydides.core.requirements.model.cucumber.CucumberParser - Found no Cucumber 4.2.0 class cucumber.runtime.model.FeatureLoader try Cucumber 2.x.x 
12:25:06.451 [pool-2-thread-1] DEBUG net.thucydides.core.requirements.RequirementsTagProvider -  found:[Requirement{name='Automationpractice', type='theme' parent = 'null', cardNumber='null'}]
12:25:06.457 [pool-2-thread-1] DEBUG net.thucydides.core.requirements.BaseRequirementsService - Requirement found for test outcome Otro usuario nuevo quiero registrarme en el portal de compras-[]: Optional[Requirement{name='Formulario de Registro', type='feature' parent = 'Sing in', cardNumber='null'}]
12:25:06.460 [pool-2-thread-1] DEBUG net.thucydides.core.requirements.BaseRequirementsService - Requirement found for test outcome Otro usuario nuevo quiero registrarme en el portal de compras-[]: Optional[Requirement{name='Formulario de Registro', type='feature' parent = 'Sing in', cardNumber='null'}]
12:25:06.554 [pool-2-thread-1] DEBUG net.thucydides.core.requirements.BaseRequirementsService - Requirement found for test outcome Otro usuario nuevo quiero registrarme en el portal de compras-[]: Optional[Requirement{name='Formulario de Registro', type='feature' parent = 'Sing in', cardNumber='null'}]
12:25:06.555 [pool-2-thread-1] DEBUG net.thucydides.core.requirements.BaseRequirementsService - Requirement found for test outcome Otro usuario nuevo quiero registrarme en el portal de compras-[]: Optional[Requirement{name='Formulario de Registro', type='feature' parent = 'Sing in', cardNumber='null'}]
12:25:06.620 [pool-2-thread-1] DEBUG net.thucydides.core.reports.html.HtmlAcceptanceTestReporter - Generating report in 62ca8c9e2c3934f11d575f61d9559c448887a6aa7317d50ad6824d7132f4ab0c_screenshots.html
12:25:06.885 [pool-2-thread-1] DEBUG net.thucydides.core.reports.html.HtmlAcceptanceTestReporter - Generated report 62ca8c9e2c3934f11d575f61d9559c448887a6aa7317d50ad6824d7132f4ab0c_screenshots.html in 265 ms
12:25:06.886 [pool-2-thread-1] DEBUG net.thucydides.core.reports.html.HtmlAcceptanceTestReporter - GENERATING HTML REPORT FOR Formulario de Registro:Otro usuario nuevo quiero registrarme en el portal de compras in 62ca8c9e2c3934f11d575f61d9559c448887a6aa7317d50ad6824d7132f4ab0c.html in directory C:\Repo\dojo_serenity_cucumber\target\site\serenity  
12:25:06.888 [pool-2-thread-1] DEBUG net.thucydides.core.reports.html.HtmlAcceptanceTestReporter - Generating report in 62ca8c9e2c3934f11d575f61d9559c448887a6aa7317d50ad6824d7132f4ab0c.html
12:25:06.992 [pool-2-thread-1] DEBUG net.thucydides.core.reports.html.HtmlAcceptanceTestReporter - Generated report 62ca8c9e2c3934f11d575f61d9559c448887a6aa7317d50ad6824d7132f4ab0c.html in 104 ms
12:25:06.992 [pool-2-thread-1] DEBUG net.thucydides.core.reports.ReportService - Processing test outcome Formulario de Registro:Otro usuario nuevo quiero registrarme en el portal de compras done
12:25:06.992 [Test worker] DEBUG net.thucydides.core.reports.ReportService - Shutting down executor service
12:25:06.993 [Test worker] DEBUG net.thucydides.core.reports.ReportService - Reports generated in: 596 ms
12:25:07.133 [Test worker] DEBUG net.serenitybdd.core.photography.Darkroom - Closing darkroom
12:25:07.133 [Darkroom Processing Line] DEBUG net.serenitybdd.core.photography.DarkroomProcessingLine - Darkroom processing line shutting down

?[31mFailed scenarios:?[0m
?[31msrc/test/resources/features/automationpractice/sing_in/sign_in.feature:17 ?[0m# Otro usuario nuevo quiero registrarme en el portal de compras

1 Scenarios (?[31m1 failed?[0m)
4 Steps (?[31m1 failed?[0m, ?[32m3 passed?[0m)
0m15,975s

java.lang.AssertionError: El usuario esta en la paguina MY ACCOUNT
Expected: "MY ACCOUNT2"
     but: was "MY ACCOUNT"
	at org.hamcrest.MatcherAssert.assertThat(MatcherAssert.java:20)
	at com.indra.steps_definitions.SignInSteps.elSistemeDeberiaRealizarElRegistroDirigiendoAlUsuarioALaPaginaMyAccount(SignInSteps.java:41)
	at ?.el sisteme deberia realizar el registro, dirigiendo al usuario a la pagina My Account(src/test/resources/features/automationpractice/sing_in/sign_in.feature:23)

]]></system-out>
  <system-err><![CDATA[]]></system-err>
</testsuite>
